# JRE version: 7.0_11-b21
# Java VM: Java HotSpot(TM) 64-Bit Server VM (23.6-b04 mixed mode windows-amd64 compressed oops)
Heap
 PSYoungGen      total 32064K, used 5502K [0x00000000fa000000, 0x00000000fc000000, 0x0000000100000000)
  eden space 31360K, 15% used [0x00000000fa000000,0x00000000fa4cfdd0,0x00000000fbea0000)
  from space 704K, 81% used [0x00000000fbf50000,0x00000000fbfdfdd8,0x00000000fc000000)
  to   space 704K, 0% used [0x00000000fbea0000,0x00000000fbea0000,0x00000000fbf50000)
 ParOldGen       total 115200K, used 102490K [0x00000000e8000000, 0x00000000ef080000, 0x00000000fa000000)
  object space 115200K, 88% used [0x00000000e8000000,0x00000000ee4168d0,0x00000000ef080000)
 PSPermGen       total 89984K, used 64319K [0x00000000e0000000, 0x00000000e57e0000, 0x00000000e8000000)
  object space 89984K, 71% used [0x00000000e0000000,0x00000000e3ecff48,0x00000000e57e0000)
GC Heap History (10 events):
Event: 49541.950 GC heap before
{Heap before GC invocations=1826 (full 10):
 PSYoungGen      total 18752K, used 18688K [0x00000000fa000000, 0x00000000fb670000, 0x0000000100000000)
  eden space 18176K, 100% used [0x00000000fa000000,0x00000000fb1c0000,0x00000000fb1c0000)
  from space 576K, 88% used [0x00000000fb1c0000,0x00000000fb240000,0x00000000fb250000)
  to   space 576K, 0% used [0x00000000fb5e0000,0x00000000fb5e0000,0x00000000fb670000)
 ParOldGen       total 115200K, used 102348K [0x00000000e8000000, 0x00000000ef080000, 0x00000000fa000000)
  object space 115200K, 88% used [0x00000000e8000000,0x00000000ee3f32a0,0x00000000ef080000)
 PSPermGen       total 89984K, used 64318K [0x00000000e0000000, 0x00000000e57e0000, 0x00000000e8000000)
  object space 89984K, 71% used [0x00000000e0000000,0x00000000e3ecf838,0x00000000e57e0000)
Event: 49541.955 GC heap after
Heap after GC invocations=1826 (full 10):
 PSYoungGen      total 22400K, used 416K [0x00000000fa000000, 0x00000000fb670000, 0x0000000100000000)
  eden space 21824K, 0% used [0x00000000fa000000,0x00000000fa000000,0x00000000fb550000)
  from space 576K, 72% used [0x00000000fb5e0000,0x00000000fb648000,0x00000000fb670000)
  to   space 576K, 0% used [0x00000000fb550000,0x00000000fb550000,0x00000000fb5e0000)
 ParOldGen       total 115200K, used 102348K [0x00000000e8000000, 0x00000000ef080000, 0x00000000fa000000)
  object space 115200K, 88% used [0x00000000e8000000,0x00000000ee3f32a0,0x00000000ef080000)
 PSPermGen       total 89984K, used 64318K [0x00000000e0000000, 0x00000000e57e0000, 0x00000000e8000000)
  object space 89984K, 71% used [0x00000000e0000000,0x00000000e3ecf838,0x00000000e57e0000)
}
Event: 49542.096 GC heap before
{Heap before GC invocations=1827 (full 10):
 PSYoungGen      total 22400K, used 22240K [0x00000000fa000000, 0x00000000fb670000, 0x0000000100000000)
  eden space 21824K, 100% used [0x00000000fa000000,0x00000000fb550000,0x00000000fb550000)
  from space 576K, 72% used [0x00000000fb5e0000,0x00000000fb648000,0x00000000fb670000)
  to   space 576K, 0% used [0x00000000fb550000,0x00000000fb550000,0x00000000fb5e0000)
 ParOldGen       total 115200K, used 102348K [0x00000000e8000000, 0x00000000ef080000, 0x00000000fa000000)
  object space 115200K, 88% used [0x00000000e8000000,0x00000000ee3f32a0,0x00000000ef080000)
 PSPermGen       total 89984K, used 64318K [0x00000000e0000000, 0x00000000e57e0000, 0x00000000e8000000)
  object space 89984K, 71% used [0x00000000e0000000,0x00000000e3ecf838,0x00000000e57e0000)
Event: 49542.105 GC heap after
Heap after GC invocations=1827 (full 10):
 PSYoungGen      total 22400K, used 544K [0x00000000fa000000, 0x00000000fbae0000, 0x0000000100000000)
  eden space 21824K, 0% used [0x00000000fa000000,0x00000000fa000000,0x00000000fb550000)
  from space 576K, 94% used [0x00000000fb550000,0x00000000fb5d8000,0x00000000fb5e0000)
  to   space 640K, 0% used [0x00000000fba40000,0x00000000fba40000,0x00000000fbae0000)
 ParOldGen       total 115200K, used 102348K [0x00000000e8000000, 0x00000000ef080000, 0x00000000fa000000)
  object space 115200K, 88% used [0x00000000e8000000,0x00000000ee3f32a0,0x00000000ef080000)
 PSPermGen       total 89984K, used 64318K [0x00000000e0000000, 0x00000000e57e0000, 0x00000000e8000000)
  object space 89984K, 71% used [0x00000000e0000000,0x00000000e3ecf838,0x00000000e57e0000)
}
Event: 49542.267 GC heap before
{Heap before GC invocations=1828 (full 10):
 PSYoungGen      total 22400K, used 22368K [0x00000000fa000000, 0x00000000fbae0000, 0x0000000100000000)
  eden space 21824K, 100% used [0x00000000fa000000,0x00000000fb550000,0x00000000fb550000)
  from space 576K, 94% used [0x00000000fb550000,0x00000000fb5d8000,0x00000000fb5e0000)
  to   space 640K, 0% used [0x00000000fba40000,0x00000000fba40000,0x00000000fbae0000)
 ParOldGen       total 115200K, used 102348K [0x00000000e8000000, 0x00000000ef080000, 0x00000000fa000000)
  object space 115200K, 88% used [0x00000000e8000000,0x00000000ee3f32a0,0x00000000ef080000)
 PSPermGen       total 89984K, used 64318K [0x00000000e0000000, 0x00000000e57e0000, 0x00000000e8000000)
  object space 89984K, 71% used [0x00000000e0000000,0x00000000e3ecf838,0x00000000e57e0000)
Event: 49542.275 GC heap after
Heap after GC invocations=1828 (full 10):
 PSYoungGen      total 26816K, used 629K [0x00000000fa000000, 0x00000000fbaf0000, 0x0000000100000000)
  eden space 26176K, 0% used [0x00000000fa000000,0x00000000fa000000,0x00000000fb990000)
  from space 640K, 98% used [0x00000000fba40000,0x00000000fbadd408,0x00000000fbae0000)
  to   space 704K, 0% used [0x00000000fb990000,0x00000000fb990000,0x00000000fba40000)
 ParOldGen       total 115200K, used 102450K [0x00000000e8000000, 0x00000000ef080000, 0x00000000fa000000)
  object space 115200K, 88% used [0x00000000e8000000,0x00000000ee40c8d0,0x00000000ef080000)
 PSPermGen       total 89984K, used 64318K [0x00000000e0000000, 0x00000000e57e0000, 0x00000000e8000000)
  object space 89984K, 71% used [0x00000000e0000000,0x00000000e3ecf838,0x00000000e57e0000)
}
Event: 49542.484 GC heap before
{Heap before GC invocations=1829 (full 10):
 PSYoungGen      total 26816K, used 26805K [0x00000000fa000000, 0x00000000fbaf0000, 0x0000000100000000)
  eden space 26176K, 100% used [0x00000000fa000000,0x00000000fb990000,0x00000000fb990000)
  from space 640K, 98% used [0x00000000fba40000,0x00000000fbadd408,0x00000000fbae0000)
  to   space 704K, 0% used [0x00000000fb990000,0x00000000fb990000,0x00000000fba40000)
 ParOldGen       total 115200K, used 102450K [0x00000000e8000000, 0x00000000ef080000, 0x00000000fa000000)
  object space 115200K, 88% used [0x00000000e8000000,0x00000000ee40c8d0,0x00000000ef080000)
 PSPermGen       total 89984K, used 64318K [0x00000000e0000000, 0x00000000e57e0000, 0x00000000e8000000)
  object space 89984K, 71% used [0x00000000e0000000,0x00000000e3ecf838,0x00000000e57e0000)
Event: 49542.490 GC heap after
Heap after GC invocations=1829 (full 10):
 PSYoungGen      total 26880K, used 509K [0x00000000fa000000, 0x00000000fc000000, 0x0000000100000000)
  eden space 26176K, 0% used [0x00000000fa000000,0x00000000fa000000,0x00000000fb990000)
  from space 704K, 72% used [0x00000000fb990000,0x00000000fba0f6d0,0x00000000fba40000)
  to   space 704K, 0% used [0x00000000fbf50000,0x00000000fbf50000,0x00000000fc000000)
 ParOldGen       total 115200K, used 102490K [0x00000000e8000000, 0x00000000ef080000, 0x00000000fa000000)
  object space 115200K, 88% used [0x00000000e8000000,0x00000000ee4168d0,0x00000000ef080000)
 PSPermGen       total 89984K, used 64318K [0x00000000e0000000, 0x00000000e57e0000, 0x00000000e8000000)
  object space 89984K, 71% used [0x00000000e0000000,0x00000000e3ecf838,0x00000000e57e0000)
}
Event: 49546.292 GC heap before
{Heap before GC invocations=1830 (full 10):
 PSYoungGen      total 26880K, used 26685K [0x00000000fa000000, 0x00000000fc000000, 0x0000000100000000)
  eden space 26176K, 100% used [0x00000000fa000000,0x00000000fb990000,0x00000000fb990000)
  from space 704K, 72% used [0x00000000fb990000,0x00000000fba0f6d0,0x00000000fba40000)
  to   space 704K, 0% used [0x00000000fbf50000,0x00000000fbf50000,0x00000000fc000000)
 ParOldGen       total 115200K, used 102490K [0x00000000e8000000, 0x00000000ef080000, 0x00000000fa000000)
  object space 115200K, 88% used [0x00000000e8000000,0x00000000ee4168d0,0x00000000ef080000)
 PSPermGen       total 89984K, used 64318K [0x00000000e0000000, 0x00000000e57e0000, 0x00000000e8000000)
  object space 89984K, 71% used [0x00000000e0000000,0x00000000e3ecf838,0x00000000e57e0000)
Event: 49546.300 GC heap after
Heap after GC invocations=1830 (full 10):
 PSYoungGen      total 32064K, used 575K [0x00000000fa000000, 0x00000000fc000000, 0x0000000100000000)
  eden space 31360K, 0% used [0x00000000fa000000,0x00000000fa000000,0x00000000fbea0000)
  from space 704K, 81% used [0x00000000fbf50000,0x00000000fbfdfdd8,0x00000000fc000000)
  to   space 704K, 0% used [0x00000000fbea0000,0x00000000fbea0000,0x00000000fbf50000)
 ParOldGen       total 115200K, used 102490K [0x00000000e8000000, 0x00000000ef080000, 0x00000000fa000000)
  object space 115200K, 88% used [0x00000000e8000000,0x00000000ee4168d0,0x00000000ef080000)
 PSPermGen       total 89984K, used 64318K [0x00000000e0000000, 0x00000000e57e0000, 0x00000000e8000000)
  object space 89984K, 71% used [0x00000000e0000000,0x00000000e3ecf838,0x00000000e57e0000)
}

